<?xml version="1.0" encoding="UTF-8"?>
<!-- Generated by org.testng.reporters.JUnitReportReporter -->
<testsuite hostname="Sagar" failures="0" tests="2" name="com.ots.testcases.LoginTest" time="14.713" errors="0" timestamp="2024-07-25T11:18:41 IST" skipped="0">
  <testcase classname="com.ots.testcases.LoginTest" name="verifyNewUserLink" time="3.710"/>
  <testcase classname="com.ots.testcases.LoginTest" name="validLogin" time="11.003"/>
</testsuite> <!-- com.ots.testcases.LoginTest -->
