<?xml version="1.0" encoding="UTF-8"?>
<!-- Generated by org.testng.reporters.JUnitReportReporter -->
<testsuite hostname="Sagar" failures="0" tests="2" name="com.ots.testcases.LoginTest" time="16.406" errors="0" timestamp="2024-08-01T10:20:00 IST" skipped="0">
  <testcase classname="com.ots.testcases.LoginTest" name="verifyNewUserLink" time="5.335"/>
  <testcase classname="com.ots.testcases.LoginTest" name="validLogin" time="11.071"/>
</testsuite> <!-- com.ots.testcases.LoginTest -->
